
  ************************** CRUNCH ******************************
  ************************ VERSION 1.0 ***************************

                      Author:  C.I. STEEFEL 
  COPYRIGHT (c) 2000. The Regents of the University of California. 
                       All Rights Reserved 

  ****************************************************************
  This work was produced at the University of California, Lawrence 
  Livermore National Laboratory (UC LLNL) under contract no. W-7405-ENG-48 
  (Contract 48) between the U.S. Department of Energy (DOE) and The Regents 
  of the University of California (University) for the operation of UC LLNL. 
  Copyright is reserved to the University for purposes of controlled dissem- 
  ination, commercialization through formal licensing, or other disposition 
  under terms of Contract 48; DOE policies, regulations and orders; and U.S. 
  statutes. The rights of the Federal Government are reserved under Contract 
  48 subject to the restrictions agreed upon by the DOE and University as 
  allowed under DOE Acquisition Letter 97-1. 

                                DISCLAIMER                            
  This work was prepared as an account of work sponsored by an agency of the
  United States Government. Neither the United States Government nor the 
  University of California nor any of their employees, makes any warranty, 
  express or implied, or assumes any liability or responsibility for the 
  accuracy, completeness, or usefulness of any information, apparatus, product,
  or process disclosed, or represents that its use would not infringe 
  privately-owned rights.  Reference herein to any specific commercial products,
  process, or service by trade name, trademark, manufacturer or otherwise does 
  not necessarily constitute or imply its endorsement, recommendation, or 
  favoring by the United States Government or the University of California. 
  The views and opinions of authors expressed herein do not necessarily state 
  or reflect those of the United States Government or the University of 
  California, and shall not be used for advertising or product endorsement 
  purposes. 
  ****************************************************************


  crunchflow trimmed input for use with Alquimia interface to Amanzi for A



   ---> Using database: farea-full.dbs                                                                                      


 Number of components =                    16

  1 H+                
  2 Al+++             
  3 Ca++              
  4 Cl-               
  5 Fe+++             
  6 CO2(aq)           
  7 K+                
  8 Mg++              
  9 Na+               
 10 SiO2(aq)          
 11 SO4--             
 12 Tritium           
 13 NO3-              
 14 UO2++             
 15 Bogusite(aq)      
 16 Daughter          

 Number of secondary species in input file =           37

  1 OH-               
  2 HCO3-             
  3 CO3--             
  4 NaHCO3(aq)        
  5 NaCO3-            
  6 NaOH(aq)          
  7 AlOH++            
  8 Al(OH)2+          
  9 Al(OH)3(aq)       
 10 Al(OH)4-          
 11 CaOH+             
 12 CaHCO3+           
 13 CaCO3(aq)         
 14 MgOH+             
 15 MgHCO3+           
 16 MgCO3(aq)         
 17 (UO2)2(OH)2++     
 18 (UO2)2CO3(OH)3-   
 19 (UO2)2OH+++       
 20 (UO2)3(CO3)6(6-)  
 21 (UO2)3(OH)4++     
 22 UO2(OH)4--        
 23 (UO2)3(OH)5+      
 24 (UO2)3(OH)7-      
 25 (UO2)3O(OH)2(HCO3)
 26 (UO2)4(OH)7+      
 27 UO2NO3+           
 28 UO2OH+            
 29 UO2(OH)2(aq)      
 30 UO2(OH)3-         
 31 UO2CO3(aq)        
 32 UO2(CO3)2--       
 33 UO2(CO3)3----     
 34 CaUO2(CO3)3--     
 35 Ca2UO2(CO3)3(aq)  
 36 MgUO2(CO3)3--     
 37 UO2OSi(OH)3+      

 Number of gases in input file =                1

  1 CO2(g)            


 Number of kinetic minerals =            9


  Using database file: farea-full.dbs

  temperature interpolation coefficients
                  ln(T+Tk)        1         T+Tk      (T+Tk)**-1   (t+tk)**-2

    HOMOGENEOUS REACTIONS

 Species         log K         Stoichiometric Coefficients
                            H+     Al+++  Ca++   Cl-    Fe+++  CO2(aq K+     Mg++   Na+    SiO2(a SO4--  Tritiu NO3-   UO2++  Bogusi Daught 
 OH-           1.3995E+01  -1.00   0.00   0.00   0.00   0.00   0.00   0.00   0.00   0.00   0.00   0.00   0.00   0.00   0.00   0.00   0.00
 HCO3-         6.3447E+00  -1.00   0.00   0.00   0.00   0.00   1.00   0.00   0.00   0.00   0.00   0.00   0.00   0.00   0.00   0.00   0.00
 CO3--         1.6673E+01  -2.00   0.00   0.00   0.00   0.00   1.00   0.00   0.00   0.00   0.00   0.00   0.00   0.00   0.00   0.00   0.00
 NaHCO3(aq)    6.1906E+00  -1.00   0.00   0.00   0.00   0.00   1.00   0.00   0.00   1.00   0.00   0.00   0.00   0.00   0.00   0.00   0.00
 NaCO3-        1.6159E+01  -2.00   0.00   0.00   0.00   0.00   1.00   0.00   0.00   1.00   0.00   0.00   0.00   0.00   0.00   0.00   0.00
 NaOH(aq)      1.4795E+01  -1.00   0.00   0.00   0.00   0.00   0.00   0.00   0.00   1.00   0.00   0.00   0.00   0.00   0.00   0.00   0.00
 AlOH++        4.9571E+00  -1.00   1.00   0.00   0.00   0.00   0.00   0.00   0.00   0.00   0.00   0.00   0.00   0.00   0.00   0.00   0.00
 Al(OH)2+      1.0595E+01  -2.00   1.00   0.00   0.00   0.00   0.00   0.00   0.00   0.00   0.00   0.00   0.00   0.00   0.00   0.00   0.00
 Al(OH)3(aq)   1.6158E+01  -3.00   1.00   0.00   0.00   0.00   0.00   0.00   0.00   0.00   0.00   0.00   0.00   0.00   0.00   0.00   0.00
 Al(OH)4-      2.2883E+01  -4.00   1.00   0.00   0.00   0.00   0.00   0.00   0.00   0.00   0.00   0.00   0.00   0.00   0.00   0.00   0.00
 CaOH+         1.2850E+01  -1.00   0.00   1.00   0.00   0.00   0.00   0.00   0.00   0.00   0.00   0.00   0.00   0.00   0.00   0.00   0.00
 CaHCO3+       5.2980E+00  -1.00   0.00   1.00   0.00   0.00   1.00   0.00   0.00   0.00   0.00   0.00   0.00   0.00   0.00   0.00   0.00
 CaCO3(aq)     1.3346E+01  -2.00   0.00   1.00   0.00   0.00   1.00   0.00   0.00   0.00   0.00   0.00   0.00   0.00   0.00   0.00   0.00
 MgOH+         1.1785E+01  -1.00   0.00   0.00   0.00   0.00   0.00   0.00   1.00   0.00   0.00   0.00   0.00   0.00   0.00   0.00   0.00
 MgHCO3+       5.3090E+00  -1.00   0.00   0.00   0.00   0.00   1.00   0.00   1.00   0.00   0.00   0.00   0.00   0.00   0.00   0.00   0.00
 MgCO3(aq)     1.3695E+01  -2.00   0.00   0.00   0.00   0.00   1.00   0.00   1.00   0.00   0.00   0.00   0.00   0.00   0.00   0.00   0.00
 (UO2)2(OH)2+  5.6346E+00  -2.00   0.00   0.00   0.00   0.00   0.00   0.00   0.00   0.00   0.00   0.00   0.00   0.00   2.00   0.00   0.00
 (UO2)2CO3(OH  1.7568E+01  -5.00   0.00   0.00   0.00   0.00   1.00   0.00   0.00   0.00   0.00   0.00   0.00   0.00   2.00   0.00   0.00
 (UO2)2OH+++   2.7072E+00  -1.00   0.00   0.00   0.00   0.00   0.00   0.00   0.00   0.00   0.00   0.00   0.00   0.00   2.00   0.00   0.00
 (UO2)3(CO3)6  4.6128E+01 -12.00   0.00   0.00   0.00   0.00   6.00   0.00   0.00   0.00   0.00   0.00   0.00   0.00   3.00   0.00   0.00
 (UO2)3(OH)4+  1.1929E+01  -4.00   0.00   0.00   0.00   0.00   0.00   0.00   0.00   0.00   0.00   0.00   0.00   0.00   3.00   0.00   0.00
 UO2(OH)4--    3.3029E+01  -4.00   0.00   0.00   0.00   0.00   0.00   0.00   0.00   0.00   0.00   0.00   0.00   0.00   1.00   0.00   0.00
 (UO2)3(OH)5+  1.5586E+01  -5.00   0.00   0.00   0.00   0.00   0.00   0.00   0.00   0.00   0.00   0.00   0.00   0.00   3.00   0.00   0.00
 (UO2)3(OH)7-  3.1051E+01  -7.00   0.00   0.00   0.00   0.00   0.00   0.00   0.00   0.00   0.00   0.00   0.00   0.00   3.00   0.00   0.00
 (UO2)3O(OH)2  1.6058E+01  -5.00   0.00   0.00   0.00   0.00   1.00   0.00   0.00   0.00   0.00   0.00   0.00   0.00   3.00   0.00   0.00
 (UO2)4(OH)7+  2.1951E+01  -7.00   0.00   0.00   0.00   0.00   0.00   0.00   0.00   0.00   0.00   0.00   0.00   0.00   4.00   0.00   0.00
 UO2NO3+      -2.8050E-01   0.00   0.00   0.00   0.00   0.00   0.00   0.00   0.00   0.00   0.00   0.00   0.00   1.00   1.00   0.00   0.00
 UO2OH+        5.2073E+00  -1.00   0.00   0.00   0.00   0.00   0.00   0.00   0.00   0.00   0.00   0.00   0.00   0.00   1.00   0.00   0.00
 UO2(OH)2(aq)  1.0315E+01  -2.00   0.00   0.00   0.00   0.00   0.00   0.00   0.00   0.00   0.00   0.00   0.00   0.00   1.00   0.00   0.00
 UO2(OH)3-     1.9222E+01  -3.00   0.00   0.00   0.00   0.00   0.00   0.00   0.00   0.00   0.00   0.00   0.00   0.00   1.00   0.00   0.00
 UO2CO3(aq)    7.0081E+00  -2.00   0.00   0.00   0.00   0.00   1.00   0.00   0.00   0.00   0.00   0.00   0.00   0.00   1.00   0.00   0.00
 UO2(CO3)2--   1.6436E+01  -4.00   0.00   0.00   0.00   0.00   2.00   0.00   0.00   0.00   0.00   0.00   0.00   0.00   1.00   0.00   0.00
 UO2(CO3)3---  2.8464E+01  -6.00   0.00   0.00   0.00   0.00   3.00   0.00   0.00   0.00   0.00   0.00   0.00   0.00   1.00   0.00   0.00
 CaUO2(CO3)3-  2.2840E+01  -6.00   0.00   1.00   0.00   0.00   3.00   0.00   0.00   0.00   0.00   0.00   0.00   0.00   1.00   0.00   0.00
 Ca2UO2(CO3)3  1.9320E+01  -6.00   0.00   2.00   0.00   0.00   3.00   0.00   0.00   0.00   0.00   0.00   0.00   0.00   1.00   0.00   0.00
 MgUO2(CO3)3-  2.3910E+01  -6.00   0.00   0.00   0.00   0.00   3.00   0.00   1.00   0.00   0.00   0.00   0.00   0.00   1.00   0.00   0.00
 UO2OSi(OH)3+  2.4810E+00  -1.00   0.00   0.00   0.00   0.00   0.00   0.00   0.00   0.00   1.00   0.00   0.00   0.00   1.00   0.00   0.00

      MINERAL REACTIONS

 Mineral         log K         Stoichiometric Coefficients
                            H+     Al+++  Ca++   Cl-    Fe+++  CO2(aq K+     Mg++   Na+    SiO2(a SO4--  Tritiu NO3-   UO2++  Bogusi Daught 
 Quartz       -3.7501E+00   0.00   0.00   0.00   0.00   0.00   0.00   0.00   0.00   0.00   1.00   0.00   0.00   0.00   0.00   0.00   0.00
 Goethite      1.7580E-01  -3.00   0.00   0.00   0.00   1.00   0.00   0.00   0.00   0.00   0.00   0.00   0.00   0.00   0.00   0.00   0.00
 Kaolinite     7.5700E+00  -6.00   2.00   0.00   0.00   0.00   0.00   0.00   0.00   0.00   2.00   0.00   0.00   0.00   0.00   0.00   0.00
 Schoepite     4.8443E+00  -2.00   0.00   0.00   0.00   0.00   0.00   0.00   0.00   0.00   0.00   0.00   0.00   0.00   1.00   0.00   0.00
 Gibbsite      7.7380E+00  -3.00   1.00   0.00   0.00   0.00   0.00   0.00   0.00   0.00   0.00   0.00   0.00   0.00   0.00   0.00   0.00
 Jurbanite    -3.8000E+00  -1.00   1.00   0.00   0.00   0.00   0.00   0.00   0.00   0.00   0.00   1.00   0.00   0.00   0.00   0.00   0.00
 Basaluminite  2.2251E+01 -10.00   4.00   0.00   0.00   0.00   0.00   0.00   0.00   0.00   0.00   1.00   0.00   0.00   0.00   0.00   0.00
 Opal         -3.0050E+00   0.00   0.00   0.00   0.00   0.00   0.00   0.00   0.00   0.00   1.00   0.00   0.00   0.00   0.00   0.00   0.00
 Bogusite     -2.0000E+00   0.00   0.00   0.00   0.00   0.00   0.00   0.00   0.00   0.00   0.00   0.00   0.00   0.00   0.00   1.00   0.00

     GAS REACTIONS

 Gases           log K         Stoichiometric Coefficients
                            H+     Al+++  Ca++   Cl-    Fe+++  CO2(aq K+     Mg++   Na+    SiO2(a SO4--  Tritiu NO3-   UO2++  Bogusi Daught 
 CO2(g)       -1.4689E+00   0.00   0.00   0.00   0.00   0.00   1.00   0.00   0.00   0.00   0.00   0.00   0.00   0.00   0.00   0.00   0.00

     SURFACE COMPLEXATION REACTIONS

 Surface complexes log K       Stoichiometric Coefficients
                            H+     Al+++  Ca++   Cl-    Fe+++  CO2(aq K+     Mg++   Na+    SiO2(a SO4--  Tritiu NO3-   UO2++  Bogusi Daught >davis 
 (>davis_O)UO -4.4400E-01  -1.00   0.00   0.00   0.00   0.00   0.00   0.00   0.00   0.00   0.00   0.00   0.00   0.00   1.00   0.00   0.00   1.00

  ***KINETIC INPUTS***

   MINERAL


  ******  GEOCHEMICAL CONDITIONS INPUT  ******

 Number of geochemical conditions specified =            2

  Condition Label: initial


  Primary species    itype     guess      Total conc.  Constraint phase
  H+                   7    3.9811E-06    2.3517-310                       
  Al+++                3    1.0000E-06    2.5345-316     Kaolinite         
  Ca++                 1    1.0000E-06    1.0000E-05                       
  Cl-                  2    1.0000E-06    2.5345-316                       
  Fe+++                3    1.0000E-06    0.0000E+00     Goethite          
  CO2(aq)              4    1.0000E-06    1.0133E-03     CO2(g)            
  K+                   1    1.0000E-06    3.3200E-05                       
  Mg++                 1    1.0000E-06    5.3500E-03                       
  Na+                  1    1.0000E-06    2.7800E-04                       
  SiO2(aq)             3    1.0000E-06    0.0000E+00     Quartz            
  SO4--                1    1.0000E-06    2.2500E-05                       
  Tritium              1    1.0000E-06    1.0000E-15                       
  NO3-                 1    1.0000E-06    1.0000E-03                       
  UO2++                1    1.0000E-06    1.2500E-10                       
  Bogusite(aq)         1    1.0000E-06    1.0000E-02                       
  Daughter             1    1.0000E-06    1.0000E-15                       

  Porosity for this chemical condition =   0.2500



  Condition Label: west


  Primary species    itype     guess      Total conc.  Constraint phase
  H+                   7    8.9125E-03    0.0000E+00                       
  Al+++                1    1.0000E-06    1.0000E-08                       
  Ca++                 1    1.0000E-06    1.0000E-05                       
  Cl-                  1    1.0000E-06    3.3900E-05                       
  Fe+++                3    1.0000E-06    0.0000E+00     Goethite          
  CO2(aq)              4    1.0000E-06    1.0133E-03     CO2(g)            
  K+                   1    1.0000E-06    1.7200E-06                       
  Mg++                 1    1.0000E-06    2.4700E-06                       
  Na+                  2    1.0000E-06    0.0000E+00                       
  SiO2(aq)             1    1.0000E-06    1.1800E-04                       
  SO4--                1    1.0000E-06    4.8000E-05                       
  Tritium              1    1.0000E-06    2.1700E-09                       
  NO3-                 1    1.0000E-06    1.0000E-02                       
  UO2++                1    1.0000E-06    3.0100E-05                       
  Bogusite(aq)         1    1.0000E-06    1.0000E-02                       
  Daughter             1    1.0000E-06    1.0000E-15                       

  Porosity for this chemical condition =   0.2500



     AQUEOUS KINETIC REACTIONS     

 Aqueous kinetics  log K       Stoichiometric Coefficients
                            H+     Al+++  Ca++   Cl-    Fe+++  CO2(aq)K+     Mg++   Na+    SiO2(aqSO4--  TritiumNO3-   UO2++  BogusitDaughte
 tritium_deca  5.0000E+01   0.00   0.00   0.00   0.00   0.00   0.00   0.00   0.00   0.00   0.00   0.00  -1.00   0.00   0.00   0.00   0.00

 *********************************************
  ---> GEOCHEMICAL CONDITION: initial

  Temperature (C)         =     25.000
  Porosity                =      0.250
  Liquid Saturation       =      1.000
  Liquid Density (kg/m^3) =    997.075
  Solid Density (kg/m^3)  =   2700.000
  Solid:Solution Ratio    =   8123.761
  Ionic Strength          =      0.016
  Solution pH             =      5.400
  Total Charge            =  1.148E-18

 Total Aqueous Concentrations of Primary Species  
 --------------------------------------- 

 Species                Molality     Constraint    Constraint Phase 
 H+                  -2.0364E-07     Activity                        
 Al+++                2.2165E-08     Mineral       Kaolinite         
 Ca++                 1.0000E-05     Total                           
 Cl-                  9.9861E-03     Charge                          
 Fe+++                2.5255E-16     Mineral       Goethite          
 CO2(aq)              3.8898E-05     Gas           CO2(g)            
 K+                   3.3200E-05     Total                           
 Mg++                 5.3500E-03     Total                           
 Na+                  2.7800E-04     Total                           
 SiO2(aq)             1.7712E-04     Mineral       Quartz            
 SO4--                2.2500E-05     Total                           
 Tritium              1.0000E-15     Total                           
 NO3-                 1.0000E-03     Total                           
 UO2++                1.2500E-10     Total                           
 Bogusite(aq)         1.0000E-02     Total                           
 Daughter             1.0000E-15     Total                           

 Exchangers        Equiv/kgw        Equiv/g solid  Equiv/m^3 bulk
X-                 9.4100E-03       1.1583E-06     2.3456E+00

 Surface complex   Sites/kgw        Moles/g solid  Moles/m^3 bulk
>davis_OH          6.2663E-04       7.7135E-08     1.5620E-01

 Total Concentrations on Surface Hydroxyl Sites 
 ---------------------------------------------- 

 Primary Species   Moles/kgw       Moles/g solid
H+                -7.9795E-09      -9.8224E-13
UO2++              7.9795E-09       9.8224E-13

 Total Concentrations in Exchange Sites 
 -------------------------------------- 

 Primary Species   Moles/kgw       Moles/g solid   Equiv/g solid
Ca++               4.8002E-06       5.9089E-10     1.1818E-09
Mg++               4.6922E-03       5.7759E-07     1.1552E-06
Na+                1.6067E-05       1.9778E-09     1.9778E-09

 Concentrations of Individual Species, Exchangers, and Surface Complexes 
 ----------------------------------------------------------------------- 

                           Log        Log                                 Activity
 Species              Molality   Activity      Molality      Activity   Coefficient    Type
  NaX                   -4.794     -2.768     1.607E-05     1.707E-03                Exchange
  !'CaX2'               -5.319     -2.991     4.800E-06     1.020E-03                Exchange
  !'MgX2'               -2.329     -0.001     4.692E-03     9.973E-01                Exchange
  >davis_OH             -3.203      4.172     6.266E-04     1.000E+00                Surface 
  (>davis_O)UO2+        -8.098     -0.723     7.979E-09     1.273E-05                Surface 
  H+                    -5.353     -5.400     4.434E-06     3.981E-06     8.979E-01  Aqueous 
  Al+++                 -8.238     -8.665     5.776E-09     2.163E-09     3.745E-01  Aqueous 
  Ca++                  -5.000     -5.208     1.000E-05     6.189E-06     6.189E-01  Aqueous 
  Cl-                   -2.001     -2.058     9.986E-03     8.749E-03     8.761E-01  Aqueous 
  Fe+++                -15.598    -16.024     2.525E-16     9.458E-17     3.745E-01  Aqueous 
  CO2(aq)               -4.465     -4.463     3.429E-05     3.442E-05     1.004E+00  Aqueous 
  K+                    -4.479     -4.536     3.320E-05     2.909E-05     8.761E-01  Aqueous 
  Mg++                  -2.272     -2.467     5.350E-03     3.413E-03     6.380E-01  Aqueous 
  Na+                   -3.556     -3.611     2.780E-04     2.447E-04     8.803E-01  Aqueous 
  SiO2(aq)              -3.752     -3.750     1.771E-04     1.778E-04     1.004E+00  Aqueous 
  SO4--                 -4.648     -4.871     2.250E-05     1.345E-05     5.978E-01  Aqueous 
  Tritium              -15.000    -14.998     1.000E-15     1.004E-15     1.004E+00  Aqueous 
  NO3-                  -3.000     -3.057     1.000E-03     8.761E-04     8.761E-01  Aqueous 
  UO2++                -10.520    -10.739     3.023E-11     1.824E-11     6.033E-01  Aqueous 
  Bogusite(aq)          -2.000     -1.998     1.000E-02     1.004E-02     1.004E+00  Aqueous 
  Daughter             -15.000    -15.047     1.000E-15     8.979E-16     8.979E-01  Aqueous 
  OH-                   -8.539     -8.595     2.893E-09     2.540E-09     8.783E-01  Aqueous 
  HCO3-                 -5.353     -5.408     4.441E-06     3.909E-06     8.803E-01  Aqueous 
  CO3--                -10.117    -10.337     7.634E-11     4.606E-11     6.033E-01  Aqueous 
  NaHCO3(aq)            -8.867     -8.865     1.359E-09     1.364E-09     1.004E+00  Aqueous 
  NaCO3-               -13.378    -13.434     4.186E-14     3.685E-14     8.803E-01  Aqueous 
  NaOH(aq)             -13.008    -13.006     9.823E-14     9.860E-14     1.004E+00  Aqueous 
  AlOH++                -8.003     -8.222     9.941E-09     5.998E-09     6.033E-01  Aqueous 
  Al(OH)2+              -8.404     -8.459     3.944E-09     3.472E-09     8.803E-01  Aqueous 
  Al(OH)3(aq)           -8.624     -8.623     2.376E-09     2.385E-09     1.004E+00  Aqueous 
  Al(OH)4-              -9.893     -9.948     1.280E-10     1.127E-10     8.803E-01  Aqueous 
  CaOH+                -12.603    -12.658     2.495E-13     2.196E-13     8.803E-01  Aqueous 
  CaHCO3+               -9.514     -9.570     3.061E-10     2.694E-10     8.803E-01  Aqueous 
  CaCO3(aq)            -12.220    -12.218     6.031E-13     6.054E-13     1.004E+00  Aqueous 
  MgOH+                 -8.797     -8.852     1.597E-09     1.406E-09     8.803E-01  Aqueous 
  MgHCO3+               -6.784     -6.839     1.646E-07     1.449E-07     8.803E-01  Aqueous 
  MgCO3(aq)             -9.826     -9.825     1.492E-10     1.498E-10     1.004E+00  Aqueous 
  (UO2)2(OH)2++        -16.093    -16.313     8.068E-17     4.868E-17     6.033E-01  Aqueous 
  (UO2)2CO3(OH)3-      -16.453    -16.509     3.520E-17     3.099E-17     8.803E-01  Aqueous 
  (UO2)2OH+++          -18.299    -18.785     5.020E-19     1.640E-19     3.266E-01  Aqueous 
  (UO2)3(CO3)6(6-)     -38.308    -40.324     4.916E-39     4.737E-41     9.636E-03  Aqueous 
  (UO2)3(OH)4++        -22.327    -22.546     4.714E-23     2.844E-23     6.033E-01  Aqueous 
  UO2(OH)4--           -21.945    -22.168     1.136E-22     6.790E-23     5.978E-01  Aqueous 
  (UO2)3(OH)5+         -20.748    -20.803     1.787E-21     1.573E-21     8.803E-01  Aqueous 
  (UO2)3(OH)7-         -25.413    -25.468     3.868E-26     3.405E-26     8.803E-01  Aqueous 
  (UO2)3O(OH)2(HCO3)   -25.683    -25.738     2.077E-26     1.829E-26     8.803E-01  Aqueous 
  (UO2)4(OH)7+         -27.052    -27.107     8.880E-28     7.818E-28     8.803E-01  Aqueous 
  UO2NO3+              -13.461    -13.516     3.462E-14     3.048E-14     8.803E-01  Aqueous 
  UO2OH+               -10.491    -10.546     3.229E-11     2.842E-11     8.803E-01  Aqueous 
  UO2(OH)2(aq)         -10.255    -10.254     5.556E-11     5.577E-11     1.004E+00  Aqueous 
  UO2(OH)3-            -13.705    -13.761     1.970E-14     1.734E-14     8.803E-01  Aqueous 
  UO2CO3(aq)           -11.412    -11.410     3.873E-12     3.888E-12     1.004E+00  Aqueous 
  UO2(CO3)2--          -14.278    -14.501     5.271E-15     3.151E-15     5.978E-01  Aqueous 
  UO2(CO3)3----        -19.297    -20.193     5.044E-20     6.414E-21     1.272E-01  Aqueous 
  CaUO2(CO3)3--        -19.554    -19.777     2.792E-20     1.669E-20     5.978E-01  Aqueous 
  Ca2UO2(CO3)3(aq)     -21.467    -21.466     3.408E-22     3.421E-22     1.004E+00  Aqueous 
  MgUO2(CO3)3--        -17.874    -18.106     1.336E-18     7.836E-19     5.864E-01  Aqueous 
  UO2OSi(OH)3+         -11.523    -11.570     2.997E-12     2.691E-12     8.979E-01  Aqueous 


  ****** Partial pressure of gases (bars) *****

 CO2(g)               1.01325000E-03

  ****** Saturation state of minerals (log[Q/K] *****

  Quartz                    0.0000
  Goethite                 -0.0000
  Kaolinite                -0.0000
  Schoepite                -4.7833
  Gibbsite                 -0.2029
  Jurbanite                -4.3361
  Basaluminite             -7.7818
  Opal                     -0.7451
  Bogusite                  0.0016

 *********************************************
  ---> GEOCHEMICAL CONDITION: west

  Temperature (C)         =     25.000
  Porosity                =      0.250
  Liquid Saturation       =      1.000
  Liquid Density (kg/m^3) =    997.075
  Solid Density (kg/m^3)  =   2700.000
  Solid:Solution Ratio    =   8123.761
  Ionic Strength          =      0.010
  Solution pH             =      2.050
  Total Charge            =  1.003E-18

 Total Aqueous Concentrations of Primary Species  
 --------------------------------------- 

 Species                Molality     Constraint    Constraint Phase 
 H+                   9.7577E-03     Activity                        
 Al+++                1.0000E-08     Total                           
 Ca++                 1.0000E-05     Total                           
 Cl-                  3.3900E-05     Total                           
 Fe+++                2.4171E-06     Mineral       Goethite          
 CO2(aq)              3.4341E-05     Gas           CO2(g)            
 K+                   1.7200E-06     Total                           
 Mg++                 2.4700E-06     Total                           
 Na+                  2.7806E-04     Charge                          
 SiO2(aq)             1.1800E-04     Total                           
 SO4--                4.8000E-05     Total                           
 Tritium              2.1700E-09     Total                           
 NO3-                 1.0000E-02     Total                           
 UO2++                3.0100E-05     Total                           
 Bogusite(aq)         1.0000E-02     Total                           
 Daughter             1.0000E-15     Total                           

 Exchangers        Equiv/kgw        Equiv/g solid  Equiv/m^3 bulk
X-                 9.4100E-03       1.1583E-06     2.3456E+00

 Surface complex   Sites/kgw        Moles/g solid  Moles/m^3 bulk
>davis_OH          6.2663E-04       7.7135E-08     1.5620E-01

 Total Concentrations on Surface Hydroxyl Sites 
 ---------------------------------------------- 

 Primary Species   Moles/kgw       Moles/g solid
H+                -3.8186E-06      -4.7005E-10
UO2++              3.8186E-06       4.7005E-10

 Total Concentrations in Exchange Sites 
 -------------------------------------- 

 Primary Species   Moles/kgw       Moles/g solid   Equiv/g solid
Ca++               3.1127E-03       3.8316E-07     7.6632E-07
Mg++               1.3915E-03       1.7128E-07     3.4256E-07
Na+                4.0170E-04       4.9447E-08     4.9447E-08

 Concentrations of Individual Species, Exchangers, and Surface Complexes 
 ----------------------------------------------------------------------- 

                           Log        Log                                 Activity
 Species              Molality   Activity      Molality      Activity   Coefficient    Type
  NaX                   -3.396     -1.370     4.017E-04     4.269E-02                Exchange
  !'CaX2'               -2.507     -0.179     3.113E-03     6.616E-01                Exchange
  !'MgX2'               -2.857     -0.529     1.391E-03     2.957E-01                Exchange
  >davis_OH             -3.206      4.170     6.228E-04     9.939E-01                Surface 
  (>davis_O)UO2+        -5.418      1.957     3.819E-06     6.094E-03                Surface 
  H+                    -2.011     -2.050     9.758E-03     8.913E-03     9.134E-01  Aqueous 
  Al+++                 -8.000     -8.358     9.992E-09     4.387E-09     4.390E-01  Aqueous 
  Ca++                  -5.000     -5.172     1.000E-05     6.732E-06     6.732E-01  Aqueous 
  Cl-                   -4.470     -4.516     3.390E-05     3.045E-05     8.983E-01  Aqueous 
  Fe+++                 -5.617     -5.974     2.417E-06     1.061E-06     4.390E-01  Aqueous 
  CO2(aq)               -4.464     -4.463     3.434E-05     3.442E-05     1.002E+00  Aqueous 
  K+                    -5.764     -5.811     1.720E-06     1.545E-06     8.983E-01  Aqueous 
  Mg++                  -5.607     -5.770     2.470E-06     1.698E-06     6.873E-01  Aqueous 
  Na+                   -3.556     -3.601     2.781E-04     2.506E-04     9.012E-01  Aqueous 
  SiO2(aq)              -3.928     -3.927     1.180E-04     1.183E-04     1.002E+00  Aqueous 
  SO4--                 -4.319     -4.501     4.800E-05     3.157E-05     6.577E-01  Aqueous 
  Tritium               -8.664     -8.663     2.170E-09     2.175E-09     1.002E+00  Aqueous 
  NO3-                  -2.000     -2.047     1.000E-02     8.983E-03     8.983E-01  Aqueous 
  UO2++                 -4.527     -4.706     2.971E-05     1.966E-05     6.617E-01  Aqueous 
  Bogusite(aq)          -2.000     -1.999     1.000E-02     1.002E-02     1.002E+00  Aqueous 
  Daughter             -15.000    -15.039     1.000E-15     9.134E-16     9.134E-01  Aqueous 
  OH-                  -11.899    -11.945     1.261E-12     1.135E-12     8.998E-01  Aqueous 
  HCO3-                 -8.713     -8.758     1.938E-09     1.746E-09     9.012E-01  Aqueous 
  CO3--                -16.857    -17.037     1.389E-17     9.190E-18     6.617E-01  Aqueous 
  NaHCO3(aq)           -12.206    -12.205     6.225E-13     6.240E-13     1.002E+00  Aqueous 
  NaCO3-               -20.078    -20.123     8.353E-21     7.528E-21     9.012E-01  Aqueous 
  NaOH(aq)             -16.347    -16.346     4.499E-17     4.510E-17     1.002E+00  Aqueous 
  AlOH++               -11.086    -11.265     8.211E-12     5.433E-12     6.617E-01  Aqueous 
  Al(OH)2+             -14.807    -14.852     1.559E-15     1.405E-15     9.012E-01  Aqueous 
  Al(OH)3(aq)          -18.367    -18.366     4.300E-19     4.310E-19     1.002E+00  Aqueous 
  Al(OH)4-             -22.996    -23.041     1.009E-23     9.096E-24     9.012E-01  Aqueous 
  CaOH+                -15.927    -15.972     1.184E-16     1.067E-16     9.012E-01  Aqueous 
  CaHCO3+              -12.838    -12.883     1.453E-13     1.309E-13     9.012E-01  Aqueous 
  CaCO3(aq)            -18.882    -18.881     1.311E-19     1.314E-19     1.002E+00  Aqueous 
  MgOH+                -15.460    -15.505     3.467E-16     3.124E-16     9.012E-01  Aqueous 
  MgHCO3+              -13.447    -13.492     3.572E-14     3.219E-14     9.012E-01  Aqueous 
  MgCO3(aq)            -19.829    -19.828     1.483E-20     1.486E-20     1.002E+00  Aqueous 
  (UO2)2(OH)2++        -10.768    -10.948     1.705E-11     1.128E-11     6.617E-01  Aqueous 
  (UO2)2CO3(OH)3-      -21.149    -21.194     7.104E-22     6.402E-22     9.012E-01  Aqueous 
  (UO2)2OH+++           -9.672    -10.070     2.129E-10     8.509E-11     3.997E-01  Aqueous 
  (UO2)3(CO3)6(6-)     -60.786    -62.427     1.639E-61     3.743E-63     2.284E-02  Aqueous 
  (UO2)3(OH)4++        -17.669    -17.848     2.143E-18     1.418E-18     6.617E-01  Aqueous 
  UO2(OH)4--           -29.354    -29.536     4.430E-30     2.914E-30     6.577E-01  Aqueous 
  (UO2)3(OH)5+         -19.410    -19.456     3.887E-20     3.503E-20     9.012E-01  Aqueous 
  (UO2)3(OH)7-         -30.775    -30.820     1.679E-31     1.513E-31     9.012E-01  Aqueous 
  (UO2)3O(OH)2(HCO3)   -24.345    -24.390     4.519E-25     4.073E-25     9.012E-01  Aqueous 
  (UO2)4(OH)7+         -26.381    -26.427     4.155E-27     3.745E-27     9.012E-01  Aqueous 
  UO2NO3+               -6.427     -6.473     3.738E-07     3.369E-07     9.012E-01  Aqueous 
  UO2OH+                -7.819     -7.864     1.519E-08     1.369E-08     9.012E-01  Aqueous 
  UO2(OH)2(aq)         -10.922    -10.921     1.197E-11     1.199E-11     1.002E+00  Aqueous 
  UO2(OH)3-            -17.733    -17.778     1.849E-18     1.666E-18     9.012E-01  Aqueous 
  UO2CO3(aq)           -12.079    -12.078     8.341E-13     8.361E-13     1.002E+00  Aqueous 
  UO2(CO3)2--          -21.687    -21.869     2.056E-22     1.352E-22     6.577E-01  Aqueous 
  UO2(CO3)3----        -33.531    -34.260     2.944E-34     5.492E-35     1.866E-01  Aqueous 
  CaUO2(CO3)3--        -33.626    -33.808     2.364E-34     1.555E-34     6.577E-01  Aqueous 
  Ca2UO2(CO3)3(aq)     -35.461    -35.460     3.457E-36     3.465E-36     1.002E+00  Aqueous 
  MgUO2(CO3)3--        -35.289    -35.477     5.139E-36     3.337E-36     6.494E-01  Aqueous 
  UO2OSi(OH)3+          -9.025     -9.065     9.436E-10     8.619E-10     9.134E-01  Aqueous 


  ****** Partial pressure of gases (bars) *****

 CO2(g)               1.01325000E-03

  ****** Saturation state of minerals (log[Q/K] *****

  Quartz                   -0.1770
  Goethite                  0.0000
  Kaolinite               -19.8399
  Schoepite                -5.4508
  Gibbsite                 -9.9458
  Jurbanite                -7.0086
  Basaluminite            -39.6831
  Opal                     -0.9221
  Bogusite                  0.0010
